2022-02-25T16:07:10.084Z [INFO   ] : i am listening on 8101  {}
2022-02-25T16:07:23.947Z [INFO   ] : i am listening on 8101  {}
2022-02-25T16:07:29.826Z [INFO   ] : i am listening on 8101  {}
2022-02-25T16:08:52.025Z [INFO   ] : i am listening on 8101  {}
2022-02-25T16:09:15.501Z [INFO   ] : i am listening on 8101  {}
2022-02-25T16:09:25.391Z [INFO   ] : i am listening on 8101  {}
2022-02-25T16:10:00.198Z [INFO   ] : i am listening on 8101  {}
2022-02-25T16:10:32.797Z [INFO   ] : i am listening on 8101  {}
2022-02-25T16:10:43.889Z [INFO   ] : i am listening on 8101  {}
2022-02-25T16:10:47.494Z [INFO   ] : i am listening on 8101  {}
2022-02-25T16:11:06.719Z [INFO   ] : i am listening on 8101  {}
2022-02-25T16:13:16.543Z [INFO   ] : i am listening on 8101  {}
2022-02-25T16:15:01.813Z [INFO   ] : i am listening on 8101  {}
2022-02-25T16:15:28.113Z [INFO   ] : i am listening on 8101  {}
2022-02-25T16:16:31.912Z [INFO   ] : i am listening on 8101  {}
2022-02-25T16:16:45.034Z [INFO   ] : i am listening on 8101  {}
2022-02-25T16:17:51.280Z [INFO   ] : i am listening on 8101  {}
2022-02-25T16:18:31.591Z [INFO   ] : i am listening on 8101  {}
2022-02-25T16:18:48.434Z [INFO   ] : i am listening on 8101  {}
2022-02-25T16:19:01.212Z [INFO   ] : i am listening on 8101  {}
2022-02-25T16:24:31.992Z [INFO   ] : i am listening on 8101  {}
2022-02-25T16:25:25.217Z [INFO   ] : i am listening on 8101  {}
2022-02-25T16:25:30.824Z [INFO   ] : Seems you got lost. so sorry {}
2022-02-25T16:25:31.111Z [INFO   ] : Seems you got lost. so sorry {}
2022-02-25T16:25:42.767Z [INFO   ] : i am listening on 8101  {}
2022-02-25T16:27:17.734Z [INFO   ] : i am listening on 8101  {}
2022-02-25T16:28:21.005Z [INFO   ] : i am listening on 8101  {}
2022-02-25T16:29:59.685Z [INFO   ] : i am listening on 8101  {}
2022-02-25T16:30:24.128Z [INFO   ] : i am listening on 8101  {}
2022-02-25T16:32:24.234Z [INFO   ] : i am listening on 8101  {}
2022-02-25T16:33:59.760Z [INFO   ] : i am listening on 8101  {}
2022-02-25T16:34:26.696Z [INFO   ] : i am listening on 8101  {}
2022-02-25T16:34:36.153Z [INFO   ] : i am listening on 8101  {}
2022-02-25T16:37:01.448Z [INFO   ] : i am listening on 8101  {}
2022-02-25T16:37:21.717Z [INFO   ] : i am listening on 8101  {}
2022-02-25T16:37:40.542Z [INFO   ] : i am listening on 8101  {}
2022-02-25T16:37:55.786Z [INFO   ] : i am listening on 8101  {}
2022-02-25T16:38:24.203Z [INFO   ] : i am listening on 8101  {}
2022-02-25T16:39:00.160Z [INFO   ] : i am listening on 8101  {}
2022-02-25T16:41:17.815Z [INFO   ] : i am listening on 8101  {}
2022-02-25T16:42:00.068Z [INFO   ] : i am listening on 8101  {}
2022-02-25T16:42:47.127Z [INFO   ] : i am listening on 8101  {}
2022-02-25T16:44:39.553Z [INFO   ] : i am listening on 8101  {}
2022-02-25T16:44:41.881Z [INFO   ] : i am listening on 8101  {}
2022-02-25T16:44:44.603Z [INFO   ] : Seems you got lost. so sorry {}
2022-02-25T16:44:50.570Z [INFO   ] : i am listening on 8101  {}
2022-02-25T16:45:03.739Z [INFO   ] : i am listening on 8101  {}
2022-02-25T16:45:28.700Z [INFO   ] : i am listening on 8101  {}
2022-02-25T16:45:41.678Z [INFO   ] : i am listening on 8101  {}
2022-02-25T16:46:04.186Z [INFO   ] : i am listening on 8101  {}
2022-02-25T16:46:37.534Z [INFO   ] : i am listening on 8101  {}
2022-02-25T16:46:54.098Z [INFO   ] : i am listening on 8101  {}
2022-02-25T16:47:11.784Z [INFO   ] : i am listening on 8101  {}
2022-02-25T16:47:21.071Z [INFO   ] : i am listening on 8101  {}
2022-02-25T16:48:22.730Z [INFO   ] : Seems you got lost. so sorry {}
2022-02-25T16:48:24.841Z [INFO   ] : Seems you got lost. so sorry {}
2022-02-25T16:48:26.424Z [INFO   ] : Seems you got lost. so sorry {}
2022-02-25T16:48:26.993Z [INFO   ] : Seems you got lost. so sorry {}
2022-02-25T16:48:30.985Z [INFO   ] : Seems you got lost. so sorry {}
2022-02-25T16:53:54.904Z [INFO   ] : i am listening on 8101  {}
2022-02-25T16:55:24.238Z [INFO   ] : i am listening on 8101  {}
2022-02-25T16:55:53.144Z [INFO   ] : i am listening on 8101  {}
2022-02-25T16:56:25.764Z [INFO   ] : i am listening on 8101  {}
2022-02-25T16:56:58.932Z [INFO   ] : i am listening on 8101  {}
2022-02-25T16:57:36.125Z [INFO   ] : i am listening on 8101  {}
2022-02-25T16:58:27.521Z [INFO   ] : i am listening on 8101  {}
2022-02-25T16:59:17.335Z [INFO   ] : i am listening on 8101  {}
2022-02-25T16:59:58.083Z [INFO   ] : i am listening on 8101  {}
2022-02-25T17:01:04.085Z [INFO   ] : i am listening on 8101  {}
2022-02-26T12:29:16.438Z [INFO   ] : Seems you got lost. so sorry {}
2022-02-28T09:04:05.261Z [INFO   ] : i am listening on 8800  {}
2022-02-28T09:04:53.355Z [INFO   ] : i am listening on 8800  {}
2022-02-28T09:04:53.371Z [INFO   ] : successfully connected: 49  {}
2022-02-28T09:08:04.074Z [INFO   ] : Seems you got lost. so sorry {}
2022-02-28T09:09:00.992Z [INFO   ] : i am listening on 8800  {}
2022-02-28T09:09:01.009Z [INFO   ] : successfully connected: 52  {}
2022-02-28T09:09:59.038Z [INFO   ] : i am listening on 8800  {}
2022-02-28T09:09:59.053Z [INFO   ] : successfully connected: 53  {}
2022-02-28T09:10:26.431Z [INFO   ] : i am listening on 8800  {}
2022-02-28T09:10:26.448Z [INFO   ] : successfully connected: 54  {}
2022-02-28T09:11:36.940Z [INFO   ] : i am listening on 8800  {}
2022-02-28T09:11:36.956Z [INFO   ] : successfully connected: 55  {}
2022-02-28T09:11:46.430Z [INFO   ] : Seems you got lost. so sorry {}
2022-02-28T09:12:27.047Z [INFO   ] : i am listening on 8800  {}
2022-02-28T09:12:27.063Z [INFO   ] : successfully connected: 56  {}
2022-02-28T09:13:53.315Z [INFO   ] : i am listening on 8800  {}
2022-02-28T09:13:53.331Z [INFO   ] : successfully connected: 57  {}
2022-02-28T09:14:57.815Z [INFO   ] : i am listening on 8800  {}
2022-02-28T09:14:57.831Z [INFO   ] : successfully connected: 58  {}
2022-02-28T09:15:13.321Z [INFO   ] : i am listening on 8800  {}
2022-02-28T09:15:13.336Z [INFO   ] : successfully connected: 59  {}
2022-02-28T09:16:02.155Z [INFO   ] : i am listening on 8800  {}
2022-02-28T09:16:02.171Z [INFO   ] : successfully connected: 60  {}
2022-02-28T09:17:30.100Z [INFO   ] : i am listening on 8800  {}
2022-02-28T09:17:30.117Z [INFO   ] : successfully connected: 61  {}
2022-02-28T09:18:30.651Z [INFO   ] : i am listening on 8800  {}
2022-02-28T09:18:30.665Z [INFO   ] : successfully connected: 62  {}
2022-02-28T09:18:36.477Z [INFO   ] : i am listening on 8800  {}
2022-02-28T09:18:36.490Z [INFO   ] : successfully connected: 63  {}
2022-02-28T09:18:53.069Z [INFO   ] : i am listening on 8800  {}
2022-02-28T09:18:53.082Z [INFO   ] : successfully connected: 64  {}
2022-02-28T09:19:12.708Z [INFO   ] : i am listening on 8800  {}
2022-02-28T09:19:12.721Z [INFO   ] : successfully connected: 65  {}
2022-02-28T09:19:41.049Z [INFO   ] : i am listening on 8800  {}
2022-02-28T09:19:41.066Z [INFO   ] : successfully connected: 66  {}
2022-02-28T09:20:53.471Z [INFO   ] : i am listening on 8800  {}
2022-02-28T09:20:53.487Z [INFO   ] : successfully connected: 67  {}
2022-02-28T09:21:04.876Z [INFO   ] : i am listening on 8800  {}
2022-02-28T09:21:04.891Z [INFO   ] : successfully connected: 68  {}
2022-02-28T09:21:40.966Z [INFO   ] : i am listening on 8800  {}
2022-02-28T09:21:40.982Z [INFO   ] : successfully connected: 69  {}
2022-02-28T09:21:56.711Z [INFO   ] : i am listening on 8800  {}
2022-02-28T09:21:56.727Z [INFO   ] : successfully connected: 70  {}
2022-02-28T09:22:48.649Z [INFO   ] : i am listening on 8800  {}
2022-02-28T09:22:48.666Z [INFO   ] : successfully connected: 73  {}
2022-02-28T09:23:08.511Z [INFO   ] : i am listening on 8800  {}
2022-02-28T09:23:08.529Z [INFO   ] : successfully connected: 74  {}
2022-02-28T09:23:25.582Z [INFO   ] : i am listening on 8800  {}
2022-02-28T09:23:25.598Z [INFO   ] : successfully connected: 75  {}
2022-02-28T09:23:38.542Z [INFO   ] : i am listening on 8800  {}
2022-02-28T09:23:38.580Z [INFO   ] : successfully connected: 76  {}
2022-02-28T14:29:37.331Z [INFO   ] : i am listening on 8800  {}
2022-02-28T14:29:37.353Z [INFO   ] : successfully connected: 55  {}
2022-02-28T14:30:22.719Z [INFO   ] : i am listening on 8800  {}
2022-02-28T14:30:22.735Z [INFO   ] : successfully connected: 56  {}
2022-02-28T14:30:36.609Z [INFO   ] : i am listening on 8800  {}
2022-02-28T14:30:36.623Z [INFO   ] : successfully connected: 57  {}
2022-02-28T14:30:43.781Z [INFO   ] : i am listening on 8800  {}
2022-02-28T14:30:43.796Z [INFO   ] : successfully connected: 58  {}
2022-02-28T14:31:00.151Z [INFO   ] : i am listening on 8800  {}
2022-02-28T14:31:00.165Z [INFO   ] : successfully connected: 59  {}
2022-05-09T15:56:27.564Z [INFO   ] : i am listening on 8800  {}
2022-05-09T15:57:09.610Z [INFO   ] : i am listening on 8800  {}
2022-05-09T16:01:18.541Z [INFO   ] : i am listening on 8800  {}
2022-05-09T16:02:40.423Z [INFO   ] : i am listening on 8800  {}
2022-05-09T16:02:40.513Z [INFO   ] : successfully connected: 91  {}
2022-05-09T16:03:11.527Z [INFO   ] : i am listening on 8800  {}
2022-05-09T16:03:11.585Z [INFO   ] : successfully connected: 92  {}
2022-05-09T16:03:24.204Z [INFO   ] : i am listening on 8800  {}
2022-05-09T16:03:24.267Z [INFO   ] : successfully connected: 93  {}
2022-05-09T16:04:50.678Z [INFO   ] : i am listening on 8800  {}
2022-05-09T16:04:50.739Z [INFO   ] : successfully connected: 94  {}
2022-05-09T16:06:19.098Z [INFO   ] : i am listening on 8800  {}
2022-05-09T16:06:19.174Z [INFO   ] : successfully connected: 95  {}
2022-05-09T16:06:37.716Z [INFO   ] : i am listening on 8800  {}
2022-05-09T16:06:37.783Z [INFO   ] : successfully connected: 96  {}
2022-05-09T16:08:27.176Z [INFO   ] : i am listening on 8800  {}
2022-05-09T16:08:27.304Z [INFO   ] : successfully connected: 97  {}
2022-05-09T16:09:07.060Z [INFO   ] : i am listening on 8800  {}
2022-05-09T16:09:07.115Z [INFO   ] : successfully connected: 98  {}
2022-05-09T16:24:48.086Z [INFO   ] : i am listening on 8800  {}
2022-05-09T16:24:48.173Z [INFO   ] : successfully connected: 101  {}
2022-05-09T16:26:08.885Z [INFO   ] : i am listening on 8800  {}
2022-05-09T16:26:08.974Z [INFO   ] : successfully connected: 102  {}
2022-05-09T17:51:31.358Z [INFO   ] : i am listening on 8800  {}
2022-05-09T17:51:31.434Z [INFO   ] : successfully connected: 105  {}
2022-05-09T18:29:47.401Z [INFO   ] : i am listening on 8800  {}
2022-05-09T18:29:47.476Z [INFO   ] : successfully connected: 110  {}
2022-05-09T18:30:41.317Z [INFO   ] : i am listening on 8800  {}
2022-05-09T18:30:41.378Z [INFO   ] : successfully connected: 111  {}
2022-05-09T18:30:51.705Z [INFO   ] : i am listening on 8800  {}
2022-05-09T18:30:51.786Z [INFO   ] : successfully connected: 112  {}
2022-05-09T18:52:44.969Z [INFO   ] : i am listening on 8800  {}
2022-05-09T18:52:45.066Z [INFO   ] : successfully connected: 241  {}
2022-05-09T19:09:11.628Z [INFO   ] : i am listening on 8800  {}
2022-05-09T19:09:11.738Z [INFO   ] : successfully connected: 242  {}
2022-05-09T19:11:06.398Z [INFO   ] : i am listening on 8800  {}
2022-05-09T19:11:06.450Z [INFO   ] : successfully connected: 245  {}
2022-05-09T19:12:36.289Z [INFO   ] : i am listening on 8800  {}
2022-05-09T19:12:36.379Z [INFO   ] : successfully connected: 246  {}
2022-05-09T19:13:27.509Z [INFO   ] : i am listening on 8800  {}
2022-05-09T19:13:27.563Z [INFO   ] : successfully connected: 247  {}
2022-05-09T19:27:26.305Z [INFO   ] : i am listening on 8800  {}
2022-05-09T19:27:26.357Z [INFO   ] : successfully connected: 250  {}
2022-05-09T19:29:39.232Z [INFO   ] : i am listening on 8800  {}
2022-05-09T19:29:39.368Z [INFO   ] : successfully connected: 253  {}
2022-05-09T19:39:50.782Z [INFO   ] : i am listening on 8800  {}
2022-05-09T19:39:50.851Z [INFO   ] : successfully connected: 256  {}
2022-05-09T20:07:27.635Z [INFO   ] : i am listening on 8800  {}
2022-05-09T20:07:27.717Z [INFO   ] : successfully connected: 259  {}
2022-05-09T20:22:30.360Z [INFO   ] : i am listening on 8800  {}
2022-05-09T20:22:30.457Z [INFO   ] : successfully connected: 262  {}
2022-05-09T20:26:48.746Z [INFO   ] : i am listening on 8800  {}
2022-05-09T20:26:48.824Z [INFO   ] : successfully connected: 263  {}
2022-05-09T20:27:28.933Z [INFO   ] : i am listening on 8800  {}
2022-05-09T20:27:29.005Z [INFO   ] : successfully connected: 264  {}
2022-05-09T20:28:01.732Z [INFO   ] : i am listening on 8800  {}
2022-05-09T20:28:01.796Z [INFO   ] : successfully connected: 265  {}
2022-05-09T20:32:50.151Z [INFO   ] : i am listening on 8800  {}
2022-05-09T20:32:50.241Z [INFO   ] : successfully connected: 266  {}
2022-05-09T20:33:04.130Z [INFO   ] : i am listening on 8800  {}
2022-05-09T20:33:04.209Z [INFO   ] : successfully connected: 267  {}
2022-05-09T20:34:25.056Z [INFO   ] : i am listening on 8800  {}
2022-05-09T20:34:25.110Z [INFO   ] : successfully connected: 268  {}
2022-05-09T20:43:10.942Z [INFO   ] : Seems you got lost. so sorry {}
2022-05-09T21:17:18.882Z [INFO   ] : i am listening on 8800  {}
2022-05-09T21:17:18.975Z [INFO   ] : successfully connected: 275  {}
2022-05-09T21:23:28.564Z [INFO   ] : i am listening on 8800  {}
2022-05-09T21:23:28.622Z [INFO   ] : successfully connected: 276  {}
2022-05-09T21:31:36.660Z [INFO   ] : i am listening on 8800  {}
2022-05-09T21:31:36.740Z [INFO   ] : successfully connected: 297  {}
2022-05-09T21:34:48.030Z [INFO   ] : i am listening on 8800  {}
2022-05-09T21:34:48.115Z [INFO   ] : successfully connected: 308  {}
2022-05-09T21:38:30.029Z [INFO   ] : i am listening on 8800  {}
2022-05-09T21:38:30.115Z [INFO   ] : successfully connected: 309  {}
2022-05-09T21:41:44.890Z [INFO   ] : i am listening on 8800  {}
2022-05-09T21:41:44.985Z [INFO   ] : successfully connected: 310  {}
2022-05-09T21:45:03.360Z [INFO   ] : i am listening on 8800  {}
2022-05-09T21:45:03.426Z [INFO   ] : successfully connected: 311  {}
2022-05-09T21:46:33.700Z [INFO   ] : i am listening on 8800  {}
2022-05-09T21:46:33.785Z [INFO   ] : successfully connected: 312  {}
2022-05-09T21:48:19.791Z [INFO   ] : i am listening on 8800  {}
2022-05-09T21:48:19.996Z [INFO   ] : successfully connected: 313  {}
2022-05-09T22:08:38.143Z [INFO   ] : i am listening on 8800  {}
2022-05-09T22:08:38.217Z [INFO   ] : successfully connected: 318  {}
2022-05-09T22:09:24.607Z [INFO   ] : i am listening on 8800  {}
2022-05-09T22:09:24.720Z [INFO   ] : successfully connected: 321  {}
2022-05-09T22:10:35.132Z [INFO   ] : i am listening on 8800  {}
2022-05-09T22:10:35.218Z [INFO   ] : successfully connected: 322  {}
2022-05-09T22:10:41.349Z [INFO   ] : i am listening on 8800  {}
2022-05-09T22:10:41.442Z [INFO   ] : successfully connected: 323  {}
2022-05-09T22:11:54.315Z [INFO   ] : i am listening on 8800  {}
2022-05-09T22:11:54.538Z [INFO   ] : successfully connected: 324  {}
2022-05-09T22:23:41.697Z [INFO   ] : i am listening on 8800  {}
2022-05-09T22:23:41.860Z [INFO   ] : successfully connected: 327  {}
2022-05-09T22:24:22.761Z [INFO   ] : i am listening on 8800  {}
2022-05-09T22:24:22.825Z [INFO   ] : successfully connected: 328  {}
2022-05-09T22:24:34.400Z [INFO   ] : i am listening on 8800  {}
2022-05-09T22:24:34.452Z [INFO   ] : successfully connected: 329  {}
2022-05-09T22:28:12.738Z [INFO   ] : i am listening on 8800  {}
2022-05-09T22:28:12.798Z [INFO   ] : successfully connected: 332  {}
2022-05-09T22:31:53.168Z [INFO   ] : i am listening on 8800  {}
2022-05-09T22:31:53.217Z [INFO   ] : successfully connected: 333  {}
2022-05-09T22:32:33.858Z [INFO   ] : i am listening on 8800  {}
2022-05-09T22:32:33.917Z [INFO   ] : successfully connected: 334  {}
2022-05-10T01:58:34.521Z [INFO   ] : i am listening on 8800  {}
2022-05-10T01:58:34.600Z [INFO   ] : successfully connected: 347  {}
2022-05-10T02:05:29.691Z [INFO   ] : i am listening on 8800  {}
2022-05-10T02:05:29.829Z [INFO   ] : successfully connected: 348  {}
2022-05-10T02:06:14.904Z [INFO   ] : i am listening on 8800  {}
2022-05-10T02:06:14.993Z [INFO   ] : successfully connected: 349  {}
2022-05-10T02:06:25.672Z [INFO   ] : i am listening on 8800  {}
2022-05-10T02:06:25.741Z [INFO   ] : successfully connected: 350  {}
2022-05-10T02:08:36.164Z [INFO   ] : i am listening on 8800  {}
2022-05-10T02:08:36.277Z [INFO   ] : successfully connected: 351  {}
2022-05-10T02:10:21.014Z [INFO   ] : i am listening on 8800  {}
2022-05-10T02:10:21.061Z [INFO   ] : successfully connected: 352  {}
2022-05-10T02:10:58.279Z [INFO   ] : i am listening on 8800  {}
2022-05-10T02:10:58.346Z [INFO   ] : successfully connected: 353  {}
2022-05-10T02:11:08.435Z [INFO   ] : i am listening on 8800  {}
2022-05-10T02:11:08.483Z [INFO   ] : successfully connected: 354  {}
2022-05-10T02:11:59.058Z [INFO   ] : i am listening on 8800  {}
2022-05-10T02:11:59.109Z [INFO   ] : successfully connected: 355  {}
2022-05-10T02:21:07.943Z [INFO   ] : i am listening on 8800  {}
2022-05-10T02:21:08.028Z [INFO   ] : successfully connected: 358  {}
2022-05-10T02:21:25.277Z [INFO   ] : i am listening on 8800  {}
2022-05-10T02:21:25.348Z [INFO   ] : successfully connected: 359  {}
2022-05-10T02:22:13.392Z [INFO   ] : i am listening on 8800  {}
2022-05-10T02:22:13.447Z [INFO   ] : successfully connected: 360  {}
2022-05-10T02:25:05.785Z [INFO   ] : i am listening on 8800  {}
2022-05-10T02:25:05.835Z [INFO   ] : successfully connected: 361  {}
2022-05-10T02:27:25.219Z [INFO   ] : i am listening on 8800  {}
2022-05-10T02:27:25.270Z [INFO   ] : successfully connected: 362  {}
2022-05-10T02:30:05.763Z [INFO   ] : i am listening on 8800  {}
2022-05-10T02:30:05.862Z [INFO   ] : successfully connected: 365  {}
2022-05-10T02:30:37.337Z [INFO   ] : i am listening on 8800  {}
2022-05-10T02:30:37.403Z [INFO   ] : successfully connected: 366  {}
2022-05-10T02:39:53.783Z [INFO   ] : i am listening on 8800  {}
2022-05-10T02:39:53.831Z [INFO   ] : successfully connected: 367  {}
2022-05-10T02:41:22.340Z [INFO   ] : i am listening on 8800  {}
2022-05-10T02:41:22.402Z [INFO   ] : successfully connected: 368  {}
2022-05-10T02:43:02.911Z [INFO   ] : i am listening on 8800  {}
2022-05-10T02:43:02.967Z [INFO   ] : successfully connected: 369  {}
2022-05-10T02:46:26.537Z [INFO   ] : i am listening on 8800  {}
2022-05-10T02:46:26.588Z [INFO   ] : successfully connected: 372  {}
2022-05-10T02:47:59.787Z [INFO   ] : i am listening on 8800  {}
2022-05-10T02:47:59.840Z [INFO   ] : successfully connected: 373  {}
2022-05-10T02:49:07.739Z [INFO   ] : i am listening on 8800  {}
2022-05-10T02:49:07.799Z [INFO   ] : successfully connected: 374  {}
2022-05-10T02:49:21.295Z [INFO   ] : i am listening on 8800  {}
2022-05-10T02:49:21.358Z [INFO   ] : successfully connected: 375  {}
2022-05-10T02:49:53.257Z [INFO   ] : i am listening on 8800  {}
2022-05-10T02:49:53.305Z [INFO   ] : successfully connected: 376  {}
2022-05-10T02:50:02.428Z [INFO   ] : i am listening on 8800  {}
2022-05-10T02:50:02.476Z [INFO   ] : successfully connected: 377  {}
2022-05-10T02:54:20.557Z [INFO   ] : Seems you got lost. so sorry {}
2022-05-10T02:55:41.394Z [INFO   ] : i am listening on 8800  {}
2022-05-10T02:55:41.508Z [INFO   ] : successfully connected: 378  {}
2022-05-10T02:56:12.139Z [INFO   ] : i am listening on 8800  {}
2022-05-10T02:56:12.248Z [INFO   ] : successfully connected: 379  {}
2022-05-10T02:56:15.443Z [INFO   ] : Seems there was validation error "polling_unit_uniqueid" must be a string {}
2022-05-10T02:57:28.511Z [INFO   ] : i am listening on 8800  {}
2022-05-10T02:57:28.625Z [INFO   ] : successfully connected: 380  {}
2022-05-10T02:58:19.640Z [INFO   ] : i am listening on 8800  {}
2022-05-10T02:58:19.713Z [INFO   ] : successfully connected: 381  {}
2022-05-10T03:07:50.890Z [INFO   ] : i am listening on 8800  {}
2022-05-10T03:07:50.958Z [INFO   ] : successfully connected: 440  {}
2022-05-10T03:11:48.406Z [INFO   ] : i am listening on 8800  {}
2022-05-10T03:11:48.466Z [INFO   ] : successfully connected: 441  {}
2022-05-10T03:12:02.207Z [INFO   ] : i am listening on 8800  {}
2022-05-10T03:12:02.262Z [INFO   ] : successfully connected: 442  {}
2022-05-10T03:17:52.505Z [INFO   ] : i am listening on 8800  {}
2022-05-10T03:17:52.592Z [INFO   ] : successfully connected: 443  {}
2022-05-10T03:19:04.911Z [INFO   ] : i am listening on 8800  {}
2022-05-10T03:19:04.969Z [INFO   ] : successfully connected: 444  {}
2022-05-10T03:25:29.832Z [INFO   ] : i am listening on 8800  {}
2022-05-10T03:25:29.999Z [INFO   ] : successfully connected: 445  {}
2022-05-10T03:26:26.352Z [INFO   ] : i am listening on 8800  {}
2022-05-10T03:26:26.422Z [INFO   ] : successfully connected: 446  {}
2022-05-10T03:28:09.062Z [INFO   ] : i am listening on 8800  {}
2022-05-10T03:28:09.192Z [INFO   ] : successfully connected: 449  {}
2022-05-10T03:34:36.373Z [INFO   ] : i am listening on 8800  {}
2022-05-10T03:34:36.428Z [INFO   ] : successfully connected: 452  {}
2022-05-10T03:36:48.869Z [INFO   ] : i am listening on 8800  {}
2022-05-10T03:36:48.918Z [INFO   ] : successfully connected: 453  {}
2022-05-10T03:37:23.202Z [INFO   ] : i am listening on 8800  {}
2022-05-10T03:37:23.273Z [INFO   ] : successfully connected: 454  {}
2022-05-10T03:37:52.004Z [INFO   ] : i am listening on 8800  {}
2022-05-10T03:37:52.061Z [INFO   ] : successfully connected: 455  {}
2022-05-10T03:43:26.104Z [INFO   ] : i am listening on 8800  {}
2022-05-10T03:43:26.160Z [INFO   ] : successfully connected: 456  {}
2022-05-10T03:43:32.222Z [INFO   ] : i am listening on 8800  {}
2022-05-10T03:43:32.272Z [INFO   ] : successfully connected: 457  {}
2022-05-10T03:44:01.912Z [INFO   ] : i am listening on 8800  {}
2022-05-10T03:44:02.041Z [INFO   ] : successfully connected: 458  {}
2022-05-10T03:52:22.175Z [INFO   ] : i am listening on 8800  {}
2022-05-10T03:52:22.250Z [INFO   ] : successfully connected: 463  {}
2022-05-10T03:53:19.581Z [INFO   ] : i am listening on 8800  {}
2022-05-10T03:53:19.640Z [INFO   ] : successfully connected: 464  {}
2022-05-10T03:53:35.032Z [INFO   ] : i am listening on 8800  {}
2022-05-10T03:53:35.152Z [INFO   ] : successfully connected: 465  {}
2022-05-10T03:53:43.947Z [INFO   ] : i am listening on 8800  {}
2022-05-10T03:53:44.026Z [INFO   ] : successfully connected: 466  {}
2022-05-10T03:54:43.427Z [INFO   ] : i am listening on 8800  {}
2022-05-10T03:54:43.495Z [INFO   ] : successfully connected: 467  {}
2022-05-10T03:55:37.042Z [INFO   ] : i am listening on 8800  {}
2022-05-10T03:55:37.110Z [INFO   ] : successfully connected: 468  {}
2022-05-10T03:57:11.787Z [INFO   ] : i am listening on 8800  {}
2022-05-10T03:57:11.856Z [INFO   ] : successfully connected: 469  {}
2022-05-10T04:23:19.837Z [INFO   ] : i am listening on 8800  {}
2022-05-10T04:23:19.927Z [INFO   ] : successfully connected: 476  {}
2022-05-10T04:25:59.291Z [INFO   ] : i am listening on 8800  {}
2022-05-10T04:25:59.356Z [INFO   ] : successfully connected: 479  {}
2022-05-10T06:13:08.101Z [INFO   ] : i am listening on 8800  {}
2022-05-10T06:13:08.179Z [INFO   ] : successfully connected: 510  {}
2022-05-10T06:13:23.632Z [INFO   ] : i am listening on 8800  {}
2022-05-10T06:13:23.810Z [INFO   ] : successfully connected: 511  {}
2022-05-10T06:13:47.677Z [INFO   ] : i am listening on 8800  {}
2022-05-10T06:13:47.795Z [INFO   ] : successfully connected: 512  {}
2022-05-10T06:14:04.213Z [INFO   ] : i am listening on 8800  {}
2022-05-10T06:14:04.427Z [INFO   ] : successfully connected: 513  {}
2022-05-10T06:14:43.177Z [INFO   ] : i am listening on 8800  {}
2022-05-10T06:14:43.231Z [INFO   ] : successfully connected: 514  {}
2022-05-10T06:19:07.113Z [INFO   ] : i am listening on 8800  {}
2022-05-10T06:19:07.340Z [INFO   ] : successfully connected: 515  {}
2022-05-10T06:20:14.994Z [INFO   ] : i am listening on 8800  {}
2022-05-10T06:20:15.066Z [INFO   ] : successfully connected: 516  {}
2022-05-10T06:20:40.032Z [INFO   ] : i am listening on 8800  {}
2022-05-10T06:20:40.146Z [INFO   ] : successfully connected: 517  {}
2022-05-10T06:21:06.459Z [INFO   ] : Seems there was validation error "polling_unit_uniqueid" is required {}
2022-05-10T06:21:23.422Z [INFO   ] : i am listening on 8800  {}
2022-05-10T06:21:23.482Z [INFO   ] : successfully connected: 518  {}
2022-05-10T06:32:54.091Z [INFO   ] : i am listening on 8800  {}
2022-05-10T06:32:54.469Z [INFO   ] : successfully connected: 523  {}
2022-05-10T06:46:21.094Z [INFO   ] : i am listening on 8800  {}
2022-05-10T06:46:21.171Z [INFO   ] : successfully connected: 544  {}
2022-05-10T06:46:38.919Z [INFO   ] : i am listening on 8800  {}
2022-05-10T06:46:39.097Z [INFO   ] : successfully connected: 545  {}
2022-05-10T06:46:56.719Z [INFO   ] : i am listening on 8800  {}
2022-05-10T06:46:56.787Z [INFO   ] : successfully connected: 546  {}
2022-05-10T06:47:16.179Z [INFO   ] : i am listening on 8800  {}
2022-05-10T06:47:16.249Z [INFO   ] : successfully connected: 547  {}
2022-05-10T06:47:27.397Z [INFO   ] : i am listening on 8800  {}
2022-05-10T06:47:27.457Z [INFO   ] : successfully connected: 548  {}
2022-05-10T06:47:39.297Z [INFO   ] : i am listening on 8800  {}
2022-05-10T06:47:39.362Z [INFO   ] : successfully connected: 549  {}
2022-05-10T06:48:27.467Z [INFO   ] : i am listening on 8800  {}
2022-05-10T06:48:27.544Z [INFO   ] : successfully connected: 550  {}
2022-05-10T07:04:17.900Z [INFO   ] : i am listening on 8800  {}
2022-05-10T07:04:18.039Z [INFO   ] : successfully connected: 672  {}
2022-05-10T07:15:43.422Z [INFO   ] : i am listening on 8800  {}
2022-05-10T07:15:43.523Z [INFO   ] : successfully connected: 673  {}
2022-05-10T07:17:09.718Z [INFO   ] : i am listening on 8800  {}
2022-05-10T07:17:09.938Z [INFO   ] : successfully connected: 674  {}
2022-05-10T07:17:26.799Z [INFO   ] : i am listening on 8800  {}
2022-05-10T07:17:26.884Z [INFO   ] : successfully connected: 675  {}
2022-05-10T07:17:43.990Z [INFO   ] : i am listening on 8800  {}
2022-05-10T07:17:44.080Z [INFO   ] : successfully connected: 676  {}
2022-05-10T07:19:22.068Z [INFO   ] : i am listening on 8800  {}
2022-05-10T07:19:22.229Z [INFO   ] : successfully connected: 677  {}
2022-05-10T07:26:56.181Z [INFO   ] : i am listening on 8800  {}
2022-05-10T07:26:56.265Z [INFO   ] : successfully connected: 680  {}
2022-05-10T07:27:34.779Z [INFO   ] : i am listening on 8800  {}
2022-05-10T07:27:34.887Z [INFO   ] : successfully connected: 681  {}
2022-05-10T07:27:43.527Z [INFO   ] : Seems there was validation error "polling_unit_uniqueid" is required {}
2022-05-10T07:36:17.961Z [INFO   ] : i am listening on 8800  {}
2022-05-10T07:36:18.018Z [INFO   ] : successfully connected: 682  {}
2022-05-10T07:38:19.422Z [INFO   ] : i am listening on 8800  {}
2022-05-10T07:38:19.488Z [INFO   ] : successfully connected: 683  {}
2022-05-10T07:38:27.323Z [INFO   ] : i am listening on 8800  {}
2022-05-10T07:38:27.395Z [INFO   ] : successfully connected: 684  {}
2022-05-10T07:42:14.952Z [INFO   ] : i am listening on 8800  {}
2022-05-10T07:42:15.083Z [INFO   ] : successfully connected: 687  {}
2022-05-10T07:42:46.099Z [INFO   ] : i am listening on 8800  {}
2022-05-10T07:42:46.241Z [INFO   ] : successfully connected: 688  {}
2022-05-10T07:48:57.517Z [INFO   ] : i am listening on 8800  {}
2022-05-10T07:48:57.648Z [INFO   ] : successfully connected: 735  {}
2022-05-10T07:49:10.957Z [INFO   ] : i am listening on 8800  {}
2022-05-10T07:49:11.022Z [INFO   ] : successfully connected: 736  {}
2022-05-10T07:49:47.725Z [INFO   ] : i am listening on 8800  {}
2022-05-10T07:49:47.831Z [INFO   ] : successfully connected: 737  {}
2022-05-10T07:50:01.826Z [INFO   ] : i am listening on 8800  {}
2022-05-10T07:50:01.972Z [INFO   ] : successfully connected: 738  {}
2022-05-10T07:50:09.981Z [INFO   ] : i am listening on 8800  {}
2022-05-10T07:50:10.068Z [INFO   ] : successfully connected: 739  {}
2022-05-10T07:58:15.234Z [INFO   ] : i am listening on 8800  {}
2022-05-10T07:58:15.303Z [INFO   ] : successfully connected: 798  {}
2022-05-10T07:58:45.808Z [INFO   ] : i am listening on 8800  {}
2022-05-10T07:58:45.919Z [INFO   ] : successfully connected: 799  {}
2022-05-10T07:58:52.217Z [INFO   ] : i am listening on 8800  {}
2022-05-10T07:58:52.318Z [INFO   ] : successfully connected: 800  {}
2022-05-10T07:59:36.472Z [INFO   ] : i am listening on 8800  {}
2022-05-10T07:59:36.540Z [INFO   ] : successfully connected: 801  {}
2022-05-10T08:03:43.992Z [INFO   ] : i am listening on 8800  {}
2022-05-10T08:03:44.063Z [INFO   ] : successfully connected: 832  {}
2022-05-10T08:12:46.092Z [INFO   ] : i am listening on 8800  {}
2022-05-10T08:12:46.223Z [INFO   ] : successfully connected: 841  {}
2022-05-10T08:13:39.230Z [INFO   ] : i am listening on 8800  {}
2022-05-10T08:13:39.310Z [INFO   ] : successfully connected: 842  {}
2022-05-10T08:14:01.138Z [INFO   ] : i am listening on 8800  {}
2022-05-10T08:14:01.191Z [INFO   ] : successfully connected: 843  {}
2022-05-10T08:14:57.264Z [INFO   ] : i am listening on 8800  {}
2022-05-10T08:14:57.344Z [INFO   ] : successfully connected: 844  {}
2022-05-10T08:15:25.575Z [INFO   ] : i am listening on 8800  {}
2022-05-10T08:15:25.625Z [INFO   ] : successfully connected: 845  {}
2022-05-10T08:16:19.381Z [INFO   ] : i am listening on 8800  {}
2022-05-10T08:16:19.464Z [INFO   ] : successfully connected: 846  {}
2022-05-10T08:17:55.548Z [INFO   ] : Seems there was validation error "result_id" is not allowed {}
2022-05-10T08:18:24.724Z [INFO   ] : i am listening on 8800  {}
2022-05-10T08:18:24.791Z [INFO   ] : successfully connected: 855  {}
2022-05-10T08:20:06.616Z [INFO   ] : i am listening on 8800  {}
2022-05-10T08:20:06.662Z [INFO   ] : successfully connected: 856  {}
2022-05-10T08:22:05.844Z [INFO   ] : i am listening on 8800  {}
2022-05-10T08:22:05.940Z [INFO   ] : successfully connected: 873  {}
2022-05-10T08:22:20.490Z [INFO   ] : i am listening on 8800  {}
2022-05-10T08:22:20.553Z [INFO   ] : successfully connected: 874  {}
2022-05-10T08:23:47.190Z [INFO   ] : i am listening on 8800  {}
2022-05-10T08:23:47.246Z [INFO   ] : successfully connected: 875  {}
2022-05-10T08:27:50.438Z [INFO   ] : i am listening on 8800  {}
2022-05-10T08:27:50.497Z [INFO   ] : successfully connected: 884  {}
2022-05-10T08:29:27.042Z [INFO   ] : i am listening on 8800  {}
2022-05-10T08:29:27.130Z [INFO   ] : successfully connected: 885  {}
2022-05-10T09:20:55.389Z [INFO   ] : i am listening on 8800  {}
2022-05-10T09:20:55.507Z [INFO   ] : successfully connected: 970  {}
2022-05-10T09:36:17.303Z [INFO   ] : i am listening on 8800  {}
2022-05-10T09:36:17.383Z [INFO   ] : successfully connected: 973  {}
2022-05-10T09:36:53.855Z [INFO   ] : i am listening on 8800  {}
2022-05-10T09:36:53.920Z [INFO   ] : successfully connected: 974  {}
2022-05-10T09:39:19.575Z [INFO   ] : i am listening on 8800  {}
2022-05-10T09:39:19.655Z [INFO   ] : successfully connected: 975  {}
2022-05-10T09:39:30.319Z [INFO   ] : i am listening on 8800  {}
2022-05-10T09:39:30.377Z [INFO   ] : successfully connected: 976  {}
2022-05-10T09:39:57.370Z [INFO   ] : i am listening on 8800  {}
2022-05-10T09:39:57.455Z [INFO   ] : successfully connected: 977  {}
2022-05-10T09:40:41.665Z [INFO   ] : i am listening on 8800  {}
2022-05-10T09:40:41.728Z [INFO   ] : successfully connected: 978  {}
2022-05-10T09:41:25.459Z [INFO   ] : i am listening on 8800  {}
2022-05-10T09:41:25.522Z [INFO   ] : successfully connected: 979  {}
2022-05-10T09:42:39.377Z [INFO   ] : i am listening on 8800  {}
2022-05-10T09:42:39.470Z [INFO   ] : successfully connected: 980  {}
2022-05-10T09:43:22.095Z [INFO   ] : i am listening on 8800  {}
2022-05-10T09:43:22.168Z [INFO   ] : successfully connected: 981  {}
2022-05-10T09:43:34.444Z [INFO   ] : i am listening on 8800  {}
2022-05-10T09:43:34.512Z [INFO   ] : successfully connected: 982  {}
2022-05-10T09:47:11.355Z [INFO   ] : i am listening on 8800  {}
2022-05-10T09:47:11.413Z [INFO   ] : successfully connected: 983  {}
2022-05-10T09:48:44.934Z [INFO   ] : i am listening on 8800  {}
2022-05-10T09:48:45.028Z [INFO   ] : successfully connected: 992  {}
2022-05-10T09:50:35.129Z [INFO   ] : i am listening on 8800  {}
2022-05-10T09:50:35.203Z [INFO   ] : successfully connected: 993  {}
2022-05-10T09:50:49.450Z [INFO   ] : i am listening on 8800  {}
2022-05-10T09:50:49.522Z [INFO   ] : successfully connected: 994  {}
2022-05-10T09:51:27.250Z [INFO   ] : Seems you got lost. so sorry {}
2022-05-10T09:52:54.233Z [INFO   ] : i am listening on 8800  {}
2022-05-10T09:52:54.305Z [INFO   ] : successfully connected: 995  {}
2022-05-10T09:52:59.748Z [INFO   ] : Seems you got lost. so sorry {}
2022-05-10T10:01:03.208Z [INFO   ] : i am listening on 8800  {}
2022-05-10T10:01:03.282Z [INFO   ] : successfully connected: 996  {}
2022-05-10T10:02:02.227Z [INFO   ] : i am listening on 8800  {}
2022-05-10T10:02:02.384Z [INFO   ] : successfully connected: 997  {}
2022-05-10T10:02:10.888Z [INFO   ] : Seems you got lost. so sorry {}
2022-05-10T10:06:20.308Z [INFO   ] : i am listening on 8800  {}
2022-05-10T10:06:20.370Z [INFO   ] : successfully connected: 998  {}
2022-05-10T10:07:23.439Z [INFO   ] : Seems you got lost. so sorry {}
2022-05-10T10:07:24.720Z [INFO   ] : Seems you got lost. so sorry {}
2022-05-10T10:07:37.229Z [INFO   ] : Seems you got lost. so sorry {}
2022-05-10T10:08:35.328Z [INFO   ] : i am listening on 8800  {}
2022-05-10T10:08:35.400Z [INFO   ] : successfully connected: 999  {}
2022-05-10T10:08:38.966Z [ERROR  ] : Error occured from get details:  {
  uniqueid: 8,
  polling_unit_id: 6,
  ward_id: 8,
  lga_id: 17,
  uniquewardid: 181,
  polling_unit_number: 'DT1708006',
  polling_unit_name: 'Sapele Ward 8 PU _',
  polling_unit_description: null,
  lat: '5.59371889',
  long: '5.999311165',
  entered_by_user: null,
  date_entered: null,
  user_ip_address: null
} {}
2022-05-10T10:10:00.488Z [INFO   ] : i am listening on 8800  {}
2022-05-10T10:10:00.599Z [INFO   ] : successfully connected: 1000  {}
2022-05-10T10:10:08.852Z [ERROR  ] : Error occured from get details:  {
  uniqueid: 8,
  polling_unit_id: 6,
  ward_id: 8,
  lga_id: 17,
  uniquewardid: 181,
  polling_unit_number: 'DT1708006',
  polling_unit_name: 'Sapele Ward 8 PU _',
  polling_unit_description: null,
  lat: '5.59371889',
  long: '5.999311165',
  entered_by_user: null,
  date_entered: null,
  user_ip_address: null
} {}
2022-05-10T10:16:47.310Z [INFO   ] : i am listening on 8800  {}
2022-05-10T10:16:47.407Z [INFO   ] : successfully connected: 1003  {}
2022-05-10T10:17:08.636Z [INFO   ] : i am listening on 8800  {}
2022-05-10T10:17:08.697Z [INFO   ] : successfully connected: 1004  {}
2022-05-10T10:18:27.312Z [INFO   ] : i am listening on 8800  {}
2022-05-10T10:18:27.377Z [INFO   ] : successfully connected: 1005  {}
2022-05-10T10:18:37.933Z [INFO   ] : i am listening on 8800  {}
2022-05-10T10:18:38.025Z [INFO   ] : successfully connected: 1006  {}
2022-05-10T10:18:41.683Z [ERROR  ] : Error occured from get details:  { 'count(*)': 272 } {}
2022-05-10T10:19:39.796Z [INFO   ] : i am listening on 8800  {}
2022-05-10T10:19:39.868Z [INFO   ] : successfully connected: 1007  {}
2022-05-10T10:19:45.616Z [ERROR  ] : Error occured from get details:  { 'count(*)': 272 } {}
2022-05-10T10:20:29.178Z [INFO   ] : i am listening on 8800  {}
2022-05-10T10:20:29.242Z [INFO   ] : successfully connected: 1008  {}
2022-05-10T10:20:29.568Z [ERROR  ] : Error occured from get details:  { 'count(*)': 272 } {}
2022-05-10T10:21:14.584Z [INFO   ] : i am listening on 8800  {}
2022-05-10T10:21:14.750Z [INFO   ] : successfully connected: 1009  {}
2022-05-10T10:21:21.173Z [ERROR  ] : Error occured from get details:  { 'count(*)': 272 } {}
2022-05-10T10:25:43.458Z [INFO   ] : i am listening on 8800  {}
2022-05-10T10:25:43.540Z [INFO   ] : successfully connected: 1010  {}
2022-05-10T10:26:10.366Z [INFO   ] : i am listening on 8800  {}
2022-05-10T10:26:10.610Z [INFO   ] : successfully connected: 1011  {}
2022-05-10T10:26:36.925Z [INFO   ] : i am listening on 8800  {}
2022-05-10T10:26:37.025Z [INFO   ] : successfully connected: 1012  {}
2022-05-10T10:26:37.664Z [ERROR  ] : Error occured from get details:  {
  uniqueid: 8,
  polling_unit_id: 6,
  ward_id: 8,
  lga_id: 17,
  uniquewardid: 181,
  polling_unit_number: 'DT1708006',
  polling_unit_name: 'Sapele Ward 8 PU _',
  polling_unit_description: null,
  lat: '5.59371889',
  long: '5.999311165',
  entered_by_user: null,
  date_entered: null,
  user_ip_address: null
} {}
2022-05-10T10:27:56.517Z [INFO   ] : i am listening on 8800  {}
2022-05-10T10:27:56.589Z [INFO   ] : successfully connected: 1013  {}
2022-05-10T10:28:02.841Z [ERROR  ] : Error occured from get details:  {
  uniqueid: 8,
  polling_unit_id: 6,
  ward_id: 8,
  lga_id: 17,
  uniquewardid: 181,
  polling_unit_number: 'DT1708006',
  polling_unit_name: 'Sapele Ward 8 PU _',
  polling_unit_description: null,
  lat: '5.59371889',
  long: '5.999311165',
  entered_by_user: null,
  date_entered: null,
  user_ip_address: null
} {}
2022-05-10T10:29:06.393Z [INFO   ] : i am listening on 8800  {}
2022-05-10T10:29:06.470Z [INFO   ] : successfully connected: 1014  {}
2022-05-10T10:29:08.356Z [ERROR  ] : Error occured from get details:  {
  uniqueid: 8,
  polling_unit_id: 6,
  ward_id: 8,
  lga_id: 17,
  uniquewardid: 181,
  polling_unit_number: 'DT1708006',
  polling_unit_name: 'Sapele Ward 8 PU _',
  polling_unit_description: null,
  lat: '5.59371889',
  long: '5.999311165',
  entered_by_user: null,
  date_entered: null,
  user_ip_address: null
} {}
2022-05-10T10:31:31.405Z [INFO   ] : i am listening on 8800  {}
2022-05-10T10:31:31.476Z [INFO   ] : successfully connected: 1017  {}
2022-05-10T10:33:45.865Z [INFO   ] : i am listening on 8800  {}
2022-05-10T10:33:45.944Z [INFO   ] : successfully connected: 1018  {}
2022-05-10T10:33:59.554Z [INFO   ] : i am listening on 8800  {}
2022-05-10T10:33:59.617Z [INFO   ] : successfully connected: 1019  {}
2022-05-10T10:35:22.623Z [INFO   ] : i am listening on 8800  {}
2022-05-10T10:35:22.702Z [INFO   ] : successfully connected: 1020  {}
2022-05-10T10:36:01.155Z [INFO   ] : i am listening on 8800  {}
2022-05-10T10:36:01.238Z [INFO   ] : successfully connected: 1021  {}
2022-05-10T10:39:54.318Z [INFO   ] : i am listening on 8800  {}
2022-05-10T10:39:54.389Z [INFO   ] : successfully connected: 1030  {}
2022-05-10T10:42:16.777Z [INFO   ] : i am listening on 8800  {}
2022-05-10T10:42:16.854Z [INFO   ] : successfully connected: 1031  {}
